<?xml version="1.0" encoding="UTF-8"?>
<testng-results skipped="0" failed="0" ignored="0" total="1" passed="1">
  <reporter-output>
  </reporter-output>
  <suite name="Suite" duration-ms="44886" started-at="2018-06-11T05:07:16Z" finished-at="2018-06-11T05:08:01Z">
    <groups>
    </groups>
    <test name="Test" duration-ms="44886" started-at="2018-06-11T05:07:16Z" finished-at="2018-06-11T05:08:01Z">
      <class name="com.TestCases.Tc_01_Signin">
        <test-method status="PASS" signature="validatesignin()[pri:0, instance:com.TestCases.Tc_01_Signin@5e5792a0]" name="validatesignin" duration-ms="44030" started-at="2018-06-11T10:37:16Z" finished-at="2018-06-11T10:38:00Z">
          <reporter-output>
          </reporter-output>
        </test-method> <!-- validatesignin -->
      </class> <!-- com.TestCases.Tc_01_Signin -->
    </test> <!-- Test -->
  </suite> <!-- Suite -->
</testng-results>
